2026-06-20T17:46:15Z INF Thank you for trying Cloudflare Tunnel. Doing so, without a Cloudflare account, is a quick way to experiment and try it out. However, be aware that these account-less Tunnels have no uptime guarantee, are subject to the Cloudflare Online Services Terms of Use (https://www.cloudflare.com/website-terms/), and Cloudflare reserves the right to investigate your use of Tunnels for violations of such terms. If you intend to use Tunnels in production you should use a pre-created named tunnel by following: https://developers.cloudflare.com/cloudflare-one/connections/connect-apps
2026-06-20T17:46:15Z INF Requesting new quick Tunnel on trycloudflare.com...
2026-06-20T17:46:21Z INF +--------------------------------------------------------------------------------------------+
2026-06-20T17:46:21Z INF |  Your quick Tunnel has been created! Visit it at (it may take some time to be reachable):  |
2026-06-20T17:46:21Z INF |  https://anyway-mobiles-chuck-wallace.trycloudflare.com                                    |
2026-06-20T17:46:21Z INF +--------------------------------------------------------------------------------------------+
2026-06-20T17:46:21Z INF Cannot determine default configuration path. No file [config.yml config.yaml] in [~/.cloudflared ~/.cloudflare-warp ~/cloudflare-warp]
2026-06-20T17:46:21Z INF Version 2026.5.2 (Checksum 20b9638f685333d623798e733effbad2487093f15ba592f6c7752360ff3b7ab7)
2026-06-20T17:46:21Z INF GOOS: windows, GOVersion: go1.26.3, GoArch: amd64
2026-06-20T17:46:21Z INF Settings: map[ha-connections:1 protocol:quic url:http://localhost:8503]
2026-06-20T17:46:21Z INF cloudflared will not automatically update on Windows systems.
2026-06-20T17:46:21Z INF Generated Connector ID: 8afe8118-b70d-42a0-a1f4-8a7c0d59628a
2026-06-20T17:46:21Z INF Initial protocol quic
2026-06-20T17:46:21Z INF ICMP proxy will use 192.168.1.9 as source for IPv4
2026-06-20T17:46:21Z INF ICMP proxy will use fe80::974b:82a5:d7f9:dfd1 in zone Wi-Fi as source for IPv6
2026-06-20T17:46:21Z INF cloudflared does not support loading the system root certificate pool on Windows. Please use --origin-ca-pool <PATH> to specify the path to the certificate pool
2026-06-20T17:46:21Z INF ICMP proxy will use 192.168.1.9 as source for IPv4
2026-06-20T17:46:21Z INF Tunnel connection curve preferences: [X25519MLKEM768 CurveID(65074) CurveP256] connIndex=0 event=0 ip=198.41.192.37
2026-06-20T17:46:21Z INF ICMP proxy will use fe80::974b:82a5:d7f9:dfd1 in zone Wi-Fi as source for IPv6
2026-06-20T17:46:21Z INF Starting metrics server on 127.0.0.1:20243/metrics
2026-06-20T17:46:21Z INF +-------------------------------------------------------------------------------------+
2026-06-20T17:46:21Z INF |                               CONNECTIVITY PRE-CHECKS                               |
2026-06-20T17:46:21Z INF +-------------------------------------------------------------------------------------+
2026-06-20T17:46:21Z INF |  COMPONENT         TARGET                     STATUS  DETAILS                       |
2026-06-20T17:46:21Z INF |  DNS Resolution    region1.v2.argotunnel.com  PASS    DNS Resolved successfully     |
2026-06-20T17:46:21Z INF |  DNS Resolution    region2.v2.argotunnel.com  PASS    DNS Resolved successfully     |
2026-06-20T17:46:21Z INF |  UDP Connectivity  region1.v2.argotunnel.com  PASS    QUIC connection successful    |
2026-06-20T17:46:21Z INF |  UDP Connectivity  region2.v2.argotunnel.com  PASS    QUIC connection successful    |
2026-06-20T17:46:21Z INF |  TCP Connectivity  region1.v2.argotunnel.com  PASS    HTTP/2 connection successful  |
2026-06-20T17:46:21Z INF |  TCP Connectivity  region2.v2.argotunnel.com  PASS    HTTP/2 connection successful  |
2026-06-20T17:46:21Z INF |  Cloudflare API    api.cloudflare.com:443     PASS    API is reachable              |
2026-06-20T17:46:21Z INF |                                                                                     |
2026-06-20T17:46:21Z INF |  SUMMARY: Environment is healthy. cloudflared will use 'quic' as primary protocol.  |
2026-06-20T17:46:21Z INF +-------------------------------------------------------------------------------------+
2026-06-20T17:46:21Z INF precheck component="DNS Resolution" details="DNS Resolved successfully" run_id=3e5b3776-10d9-4666-baba-42aacc6d4017 status=pass target=region1.v2.argotunnel.com
2026-06-20T17:46:21Z INF precheck component="DNS Resolution" details="DNS Resolved successfully" run_id=3e5b3776-10d9-4666-baba-42aacc6d4017 status=pass target=region2.v2.argotunnel.com
2026-06-20T17:46:21Z INF precheck component="UDP Connectivity" details="QUIC connection successful" run_id=3e5b3776-10d9-4666-baba-42aacc6d4017 status=pass target=region1.v2.argotunnel.com
2026-06-20T17:46:21Z INF precheck component="UDP Connectivity" details="QUIC connection successful" run_id=3e5b3776-10d9-4666-baba-42aacc6d4017 status=pass target=region2.v2.argotunnel.com
2026-06-20T17:46:21Z INF precheck component="TCP Connectivity" details="HTTP/2 connection successful" run_id=3e5b3776-10d9-4666-baba-42aacc6d4017 status=pass target=region1.v2.argotunnel.com
2026-06-20T17:46:21Z INF precheck component="TCP Connectivity" details="HTTP/2 connection successful" run_id=3e5b3776-10d9-4666-baba-42aacc6d4017 status=pass target=region2.v2.argotunnel.com
2026-06-20T17:46:21Z INF precheck component="Cloudflare API" details="API is reachable" run_id=3e5b3776-10d9-4666-baba-42aacc6d4017 status=pass target=api.cloudflare.com:443
2026-06-20T17:46:21Z INF precheck complete hard_fail=false run_id=3e5b3776-10d9-4666-baba-42aacc6d4017 suggested_protocol=quic
2026-06-20T17:46:22Z INF Registered tunnel connection connIndex=0 connection=ada04a8f-81a6-4bdd-93b3-45d91717e5e7 event=0 ip=198.41.192.37 location=fra03 protocol=quic
